2022-01-20 18:05:07 [restartedMain] INFO  c.s.i.a.SpringBootLosPortalesInfoCasasApplication - Starting SpringBootLosPortalesInfoCasasApplication using Java 15.0.2 on DESKTOP-003RRJR with PID 5316 (C:\Users\rolan\Documents\m4g-projects\spring-boot-los-portales-info-casas\target\classes started by rolan in C:\Users\rolan\Documents\m4g-projects\spring-boot-los-portales-info-casas)
2022-01-20 18:05:07 [restartedMain] INFO  c.s.i.a.SpringBootLosPortalesInfoCasasApplication - No active profile set, falling back to default profiles: default
2022-01-20 18:05:07 [restartedMain] INFO  o.s.b.w.e.tomcat.TomcatWebServer - Tomcat initialized with port(s): 8080 (http)
2022-01-20 18:05:07 [restartedMain] INFO  o.a.catalina.core.StandardService - Starting service [Tomcat]
2022-01-20 18:05:07 [restartedMain] INFO  o.a.catalina.core.StandardEngine - Starting Servlet engine: [Apache Tomcat/9.0.56]
2022-01-20 18:05:07 [restartedMain] INFO  o.a.c.c.C.[Tomcat].[localhost].[/] - Initializing Spring embedded WebApplicationContext
2022-01-20 18:05:07 [restartedMain] INFO  o.s.b.w.s.c.ServletWebServerApplicationContext - Root WebApplicationContext: initialization completed in 199 ms
2022-01-20 18:05:07 [restartedMain] INFO  o.s.b.d.a.OptionalLiveReloadServer - LiveReload server is running on port 35729
2022-01-20 18:05:07 [restartedMain] INFO  o.s.b.w.e.tomcat.TomcatWebServer - Tomcat started on port(s): 8080 (http) with context path ''
2022-01-20 18:05:07 [restartedMain] INFO  c.s.i.a.SpringBootLosPortalesInfoCasasApplication - Started SpringBootLosPortalesInfoCasasApplication in 0.332 seconds (JVM running for 263.833)
2022-01-20 18:05:07 [restartedMain] INFO  o.s.b.d.a.ConditionEvaluationDeltaLoggingListener - Condition evaluation unchanged
2022-01-20 18:05:09 [restartedMain] INFO  c.s.i.a.SpringBootLosPortalesInfoCasasApplication - Starting SpringBootLosPortalesInfoCasasApplication using Java 15.0.2 on DESKTOP-003RRJR with PID 5316 (C:\Users\rolan\Documents\m4g-projects\spring-boot-los-portales-info-casas\target\classes started by rolan in C:\Users\rolan\Documents\m4g-projects\spring-boot-los-portales-info-casas)
2022-01-20 18:05:09 [restartedMain] INFO  c.s.i.a.SpringBootLosPortalesInfoCasasApplication - No active profile set, falling back to default profiles: default
2022-01-20 18:05:09 [restartedMain] INFO  o.s.b.w.e.tomcat.TomcatWebServer - Tomcat initialized with port(s): 8080 (http)
2022-01-20 18:05:09 [restartedMain] INFO  o.a.catalina.core.StandardService - Starting service [Tomcat]
2022-01-20 18:05:09 [restartedMain] INFO  o.a.catalina.core.StandardEngine - Starting Servlet engine: [Apache Tomcat/9.0.56]
2022-01-20 18:05:09 [restartedMain] INFO  o.a.c.c.C.[Tomcat].[localhost].[/] - Initializing Spring embedded WebApplicationContext
2022-01-20 18:05:09 [restartedMain] INFO  o.s.b.w.s.c.ServletWebServerApplicationContext - Root WebApplicationContext: initialization completed in 199 ms
2022-01-20 18:05:09 [restartedMain] INFO  o.s.b.d.a.OptionalLiveReloadServer - LiveReload server is running on port 35729
2022-01-20 18:05:09 [restartedMain] INFO  o.s.b.w.e.tomcat.TomcatWebServer - Tomcat started on port(s): 8080 (http) with context path ''
2022-01-20 18:05:09 [restartedMain] INFO  c.s.i.a.SpringBootLosPortalesInfoCasasApplication - Started SpringBootLosPortalesInfoCasasApplication in 0.301 seconds (JVM running for 265.654)
2022-01-20 18:05:09 [restartedMain] INFO  o.s.b.d.a.ConditionEvaluationDeltaLoggingListener - Condition evaluation unchanged
2022-01-20 18:05:11 [restartedMain] INFO  c.s.i.a.SpringBootLosPortalesInfoCasasApplication - Starting SpringBootLosPortalesInfoCasasApplication using Java 15.0.2 on DESKTOP-003RRJR with PID 5316 (C:\Users\rolan\Documents\m4g-projects\spring-boot-los-portales-info-casas\target\classes started by rolan in C:\Users\rolan\Documents\m4g-projects\spring-boot-los-portales-info-casas)
2022-01-20 18:05:11 [restartedMain] INFO  c.s.i.a.SpringBootLosPortalesInfoCasasApplication - No active profile set, falling back to default profiles: default
2022-01-20 18:05:11 [restartedMain] INFO  o.s.b.w.e.tomcat.TomcatWebServer - Tomcat initialized with port(s): 8080 (http)
2022-01-20 18:05:11 [restartedMain] INFO  o.a.catalina.core.StandardService - Starting service [Tomcat]
2022-01-20 18:05:11 [restartedMain] INFO  o.a.catalina.core.StandardEngine - Starting Servlet engine: [Apache Tomcat/9.0.56]
2022-01-20 18:05:11 [restartedMain] INFO  o.a.c.c.C.[Tomcat].[localhost].[/] - Initializing Spring embedded WebApplicationContext
2022-01-20 18:05:11 [restartedMain] INFO  o.s.b.w.s.c.ServletWebServerApplicationContext - Root WebApplicationContext: initialization completed in 212 ms
2022-01-20 18:05:11 [restartedMain] INFO  o.s.b.d.a.OptionalLiveReloadServer - LiveReload server is running on port 35729
2022-01-20 18:05:11 [restartedMain] INFO  o.s.b.w.e.tomcat.TomcatWebServer - Tomcat started on port(s): 8080 (http) with context path ''
2022-01-20 18:05:11 [restartedMain] INFO  c.s.i.a.SpringBootLosPortalesInfoCasasApplication - Started SpringBootLosPortalesInfoCasasApplication in 0.314 seconds (JVM running for 267.454)
2022-01-20 18:05:11 [restartedMain] INFO  o.s.b.d.a.ConditionEvaluationDeltaLoggingListener - Condition evaluation unchanged
2022-01-20 18:05:15 [http-nio-8080-exec-2] INFO  o.a.c.c.C.[Tomcat].[localhost].[/] - Initializing Spring DispatcherServlet 'dispatcherServlet'
2022-01-20 18:05:15 [http-nio-8080-exec-2] INFO  o.s.web.servlet.DispatcherServlet - Initializing Servlet 'dispatcherServlet'
2022-01-20 18:05:15 [http-nio-8080-exec-2] INFO  o.s.web.servlet.DispatcherServlet - Completed initialization in 1 ms
2022-01-20 18:05:15 [http-nio-8080-exec-2] INFO  com.zoho.oauth.client.ZohoOAuth - Zoho OAuth Client Library configuration properties : {accessType=Production, minLogLevel=OFF, currentUserEmail=adminzoholpd@losportalesdepas.com.pe, scope=ZohoCRM.modules.ALL,ZohoCRM.settings.ALL,Aaaserver.profile.read, domainSuffix=com, client_secret=57ab9fb63c44c36c4b658d77182ae1ed3bb23e19df, redirect_uri=https://www.google.com/response, iamURL=https://accounts.zoho.com, client_id=1000.K93T18BEKQOKG8684AU6JE14HY1ECL, oauth_tokens_file_path=C:\Users\rolan\Documents\m4g-projects\spring-boot-los-portales-info-casas\src\main\java\path_to_tokens\token-infocasas.properties, persistence_handler_class=com.zoho.oauth.clientapp.ZohoOAuthFilePersistence}
2022-01-20 18:05:55 [RMI TCP Connection(23)-127.0.0.1] INFO  o.s.b.a.SpringApplicationAdminMXBeanRegistrar$SpringApplicationAdmin - Application shutdown requested.
